<?xml version="1.0" encoding="UTF-8"?>
<!-- Generated by org.testng.reporters.JUnitReportReporter -->
<testsuite hostname="DESKTOP-28G8RRJ" failures="0" tests="2" name="testngconcepts.prioritydemo" time="0.017" errors="0" timestamp="2024-08-22T18:06:13 IST" skipped="0">
  <testcase classname="testngconcepts.prioritydemo" name="AMethod2" time="0.016"/>
  <system-out/>
  <testcase classname="testngconcepts.prioritydemo" name="Method1" time="0.001"/>
  <system-out/>
</testsuite> <!-- testngconcepts.prioritydemo -->
