<?xml version="1.0" encoding="UTF-8"?>
<!-- Generated by org.testng.reporters.JUnitReportReporter -->
<testsuite hostname="DESKTOP-28G8RRJ" failures="0" tests="1" name="testngconcepts.parameterdemo" time="4.155" errors="0" timestamp="2024-08-24T12:16:25 IST" skipped="0">
  <testcase classname="testngconcepts.parameterdemo" name="login" time="4.155"/>
  <system-out/>
</testsuite> <!-- testngconcepts.parameterdemo -->
