<?xml version="1.0" encoding="UTF-8"?>
<!-- Generated by org.testng.reporters.JUnitReportReporter -->
<testsuite hostname="DESKTOP-28G8RRJ" failures="0" tests="1" name="testngconcepts.groupsDemo" time="0.015" errors="0" timestamp="2024-08-23T11:55:57 IST" skipped="0">
  <testcase classname="testngconcepts.groupsDemo" name="method1" time="0.015"/>
  <system-out/>
</testsuite> <!-- testngconcepts.groupsDemo -->
