<?xml version="1.0" encoding="UTF-8"?>
<!-- Generated by org.testng.reporters.JUnitReportReporter -->
<testsuite hostname="DESKTOP-28G8RRJ" failures="0" tests="2" name="testcases.verifyregistration1" time="39.829" errors="0" timestamp="2024-09-09T09:41:13 IST" skipped="0">
  <testcase classname="testcases.verifyregistration1" name="verifyRegisterationWithValidData" time="21.065"/>
  <system-out/>
  <testcase classname="testcases.verifyregistration1" name="verifyragisterationblankdata" time="18.764"/>
  <system-out/>
</testsuite> <!-- testcases.verifyregistration1 -->
