<?xml version="1.0" encoding="UTF-8"?>
<!-- Generated by org.testng.reporters.JUnitReportReporter -->
<testsuite hostname="DESKTOP-28G8RRJ" failures="0" tests="2" name="testcases.verifyregistration1" time="37.022" errors="0" timestamp="2024-09-03T15:06:22 IST" skipped="0">
  <testcase classname="testcases.verifyregistration1" name="verifyragisterationblankdata" time="16.475"/>
  <system-out/>
  <testcase classname="testcases.verifyregistration1" name="verifyRegisterationWithValidData" time="20.547"/>
  <system-out/>
</testsuite> <!-- testcases.verifyregistration1 -->
