<?xml version="1.0" encoding="UTF-8"?>
<!-- Generated by org.testng.reporters.JUnitReportReporter -->
<testsuite hostname="DESKTOP-28G8RRJ" failures="0" tests="2" name="testcases.verifyLogintestcases" time="40.277" errors="0" timestamp="2024-09-09T09:41:13 IST" skipped="0">
  <testcase classname="testcases.verifyLogintestcases" name="verifyLoginWithValidData" time="19.052"/>
  <system-out/>
  <testcase classname="testcases.verifyLogintestcases" name="verifyLoginWithInValidData" time="21.225"/>
  <system-out/>
</testsuite> <!-- testcases.verifyLogintestcases -->
