<?xml version="1.0" encoding="UTF-8"?>
<!-- Generated by org.testng.reporters.JUnitReportReporter -->
<testsuite hostname="DESKTOP-28G8RRJ" failures="0" tests="1" name="testngconcepts.demo2" time="0.004" errors="0" timestamp="2024-08-23T12:00:34 IST" skipped="0">
  <testcase classname="testngconcepts.demo2" name="method2" time="0.004"/>
  <system-out/>
</testsuite> <!-- testngconcepts.demo2 -->
